Aug 12 08:05:32 ubuntu pkexec: pam_unix(polkit-1:session): session opened for user root by (uid=1000)
Aug 12 08:05:32 ubuntu pkexec: pam_ck_connector(polkit-1:session): cannot determine display-device
Aug 12 08:05:32 ubuntu pkexec[21239]: fstakem: Executing command [USER=root] [TTY=unknown] [CWD=/home/fstakem] [COMMAND=/usr/lib/update-notifier/package-system-locked]
Aug 12 08:17:01 ubuntu CRON[21446]: pam_unix(cron:session): session opened for user root by (uid=0)
Aug 12 08:17:01 ubuntu CRON[21446]: pam_unix(cron:session): session closed for user root
Aug 12 08:38:29 ubuntu dbus[543]: [system] Rejected send message, 7 matched rules; type="method_return", sender=":1.36" (uid=0 pid=1613 comm="/usr/sbin/dnsmasq --no-resolv --keep-in-foreground") interface="(unset)" member="(unset)" error name="(unset)" requested_reply="0" destination=":1.7" (uid=0 pid=891 comm="NetworkManager ")
Aug 12 08:38:36 ubuntu dbus[543]: [system] Rejected send message, 7 matched rules; type="method_return", sender=":1.36" (uid=0 pid=1613 comm="/usr/sbin/dnsmasq --no-resolv --keep-in-foreground") interface="(unset)" member="(unset)" error name="(unset)" requested_reply="0" destination=":1.7" (uid=0 pid=891 comm="NetworkManager ")
Aug 12 09:17:01 ubuntu CRON[22634]: pam_unix(cron:session): session opened for user root by (uid=0)
Aug 12 09:17:01 ubuntu CRON[22634]: pam_unix(cron:session): session closed for user root
Aug 12 10:17:01 ubuntu CRON[23663]: pam_unix(cron:session): session opened for user root by (uid=0)
Aug 12 10:17:01 ubuntu CRON[23663]: pam_unix(cron:session): session closed for user root
Aug 12 10:26:10 ubuntu dbus[543]: [system] Rejected send message, 7 matched rules; type="method_return", sender=":1.36" (uid=0 pid=1613 comm="/usr/sbin/dnsmasq --no-resolv --keep-in-foreground") interface="(unset)" member="(unset)" error name="(unset)" requested_reply="0" destination=":1.7" (uid=0 pid=891 comm="NetworkManager ")
Aug 12 10:26:16 ubuntu dbus[543]: [system] Rejected send message, 7 matched rules; type="method_return", sender=":1.36" (uid=0 pid=1613 comm="/usr/sbin/dnsmasq --no-resolv --keep-in-foreground") interface="(unset)" member="(unset)" error name="(unset)" requested_reply="0" destination=":1.7" (uid=0 pid=891 comm="NetworkManager ")
Aug 12 10:47:46 ubuntu dbus[543]: [system] Rejected send message, 7 matched rules; type="method_return", sender=":1.36" (uid=0 pid=1613 comm="/usr/sbin/dnsmasq --no-resolv --keep-in-foreground") interface="(unset)" member="(unset)" error name="(unset)" requested_reply="0" destination=":1.7" (uid=0 pid=891 comm="NetworkManager ")
Aug 12 10:53:17 ubuntu dbus[543]: [system] Rejected send message, 7 matched rules; type="method_return", sender=":1.36" (uid=0 pid=1613 comm="/usr/sbin/dnsmasq --no-resolv --keep-in-foreground") interface="(unset)" member="(unset)" error name="(unset)" requested_reply="0" destination=":1.7" (uid=0 pid=891 comm="NetworkManager ")
Aug 12 13:17:01 ubuntu CRON[24747]: pam_unix(cron:session): session opened for user root by (uid=0)
Aug 12 13:17:01 ubuntu CRON[24747]: pam_unix(cron:session): session closed for user root
Aug 12 13:48:16 ubuntu dbus[543]: [system] Rejected send message, 7 matched rules; type="method_return", sender=":1.36" (uid=0 pid=1613 comm="/usr/sbin/dnsmasq --no-resolv --keep-in-foreground") interface="(unset)" member="(unset)" error name="(unset)" requested_reply="0" destination=":1.7" (uid=0 pid=891 comm="NetworkManager ")
Aug 12 13:48:23 ubuntu dbus[543]: [system] Rejected send message, 7 matched rules; type="method_return", sender=":1.36" (uid=0 pid=1613 comm="/usr/sbin/dnsmasq --no-resolv --keep-in-foreground") interface="(unset)" member="(unset)" error name="(unset)" requested_reply="0" destination=":1.7" (uid=0 pid=891 comm="NetworkManager ")
Aug 12 14:17:01 ubuntu CRON[25927]: pam_unix(cron:session): session opened for user root by (uid=0)
Aug 12 14:17:01 ubuntu CRON[25927]: pam_unix(cron:session): session closed for user root
Aug 12 15:00:06 ubuntu dbus[543]: [system] Rejected send message, 7 matched rules; type="method_return", sender=":1.36" (uid=0 pid=1613 comm="/usr/sbin/dnsmasq --no-resolv --keep-in-foreground") interface="(unset)" member="(unset)" error name="(unset)" requested_reply="0" destination=":1.7" (uid=0 pid=891 comm="NetworkManager ")
Aug 12 15:00:14 ubuntu dbus[543]: [system] Rejected send message, 7 matched rules; type="method_return", sender=":1.36" (uid=0 pid=1613 comm="/usr/sbin/dnsmasq --no-resolv --keep-in-foreground") interface="(unset)" member="(unset)" error name="(unset)" requested_reply="0" destination=":1.7" (uid=0 pid=891 comm="NetworkManager ")
Aug 12 15:17:01 ubuntu CRON[26798]: pam_unix(cron:session): session opened for user root by (uid=0)
Aug 12 15:17:01 ubuntu CRON[26798]: pam_unix(cron:session): session closed for user root
Aug 12 16:17:01 ubuntu CRON[27940]: pam_unix(cron:session): session opened for user root by (uid=0)
Aug 12 16:17:01 ubuntu CRON[27940]: pam_unix(cron:session): session closed for user root
Aug 12 16:37:53 ubuntu dbus[543]: [system] Rejected send message, 7 matched rules; type="method_return", sender=":1.36" (uid=0 pid=1613 comm="/usr/sbin/dnsmasq --no-resolv --keep-in-foreground") interface="(unset)" member="(unset)" error name="(unset)" requested_reply="0" destination=":1.7" (uid=0 pid=891 comm="NetworkManager ")
Aug 12 16:58:15 ubuntu dbus[543]: [system] Rejected send message, 7 matched rules; type="method_return", sender=":1.36" (uid=0 pid=1613 comm="/usr/sbin/dnsmasq --no-resolv --keep-in-foreground") interface="(unset)" member="(unset)" error name="(unset)" requested_reply="0" destination=":1.7" (uid=0 pid=891 comm="NetworkManager ")
Aug 12 18:37:30 ubuntu polkitd(authority=local): Unregistered Authentication Agent for unix-session:/org/freedesktop/ConsoleKit/Session1 (system bus name :1.34, object path /org/gnome/PolicyKit1/AuthenticationAgent, locale en_US.UTF-8) (disconnected from bus)
Aug 12 18:37:30 ubuntu sshd[8864]: pam_unix(sshd:session): session closed for user fstakem
Aug 12 18:37:58 ubuntu sshd[489]: Server listening on :: port 22.
Aug 12 18:37:58 ubuntu sshd[489]: Server listening on 0.0.0.0 port 22.
Aug 12 18:37:59 ubuntu lightdm: pam_unix(lightdm-autologin:session): session opened for user fstakem by (uid=0)
Aug 12 18:37:59 ubuntu lightdm: pam_ck_connector(lightdm-autologin:session): nox11 mode, ignoring PAM_TTY :0
Aug 12 18:38:00 ubuntu polkitd(authority=local): Registered Authentication Agent for unix-session:/org/freedesktop/ConsoleKit/Session1 (system bus name :1.35 [/usr/lib/policykit-1-gnome/polkit-gnome-authentication-agent-1], object path /org/gnome/PolicyKit1/AuthenticationAgent, locale en_US.UTF-8)
Aug 12 18:38:00 ubuntu dbus[623]: [system] Rejected send message, 7 matched rules; type="method_return", sender=":1.26" (uid=0 pid=1419 comm="/usr/sbin/dnsmasq --no-resolv --keep-in-foreground") interface="(unset)" member="(unset)" error name="(unset)" requested_reply="0" destination=":1.6" (uid=0 pid=893 comm="NetworkManager ")
Aug 12 18:38:02 ubuntu dbus[623]: [system] Rejected send message, 2 matched rules; type="method_call", sender=":1.42" (uid=1000 pid=1846 comm="/usr/lib/indicator-session/indicator-session-servi") interface="org.freedesktop.DBus.Properties" member="GetAll" error name="(unset)" requested_reply="0" destination=":1.16" (uid=0 pid=1223 comm="/usr/sbin/console-kit-daemon --no-daemon ")
Aug 12 18:38:03  dbus[623]: last message repeated 5 times
Aug 12 18:38:03 ubuntu dbus[623]: [system] Rejected send message, 2 matched rules; type="method_call", sender=":1.44" (uid=1000 pid=1845 comm="/usr/lib/x86_64-linux-gnu/indicator-datetime-servi") interface="org.freedesktop.DBus.Properties" member="GetAll" error name="(unset)" requested_reply="0" destination=":1.16" (uid=0 pid=1223 comm="/usr/sbin/console-kit-daemon --no-daemon ")
Aug 16 09:36:31 ubuntu pkexec: pam_unix(polkit-1:session): session opened for user root by (uid=1000)
Aug 16 09:36:31 ubuntu pkexec: pam_ck_connector(polkit-1:session): cannot determine display-device
Aug 16 09:36:31 ubuntu pkexec[2171]: fstakem: Executing command [USER=root] [TTY=unknown] [CWD=/home/fstakem] [COMMAND=/usr/lib/update-notifier/package-system-locked]
Aug 16 09:36:59 ubuntu sshd[2215]: Accepted password for fstakem from 10.211.55.2 port 64052 ssh2
Aug 16 09:36:59 ubuntu sshd[2215]: pam_unix(sshd:session): session opened for user fstakem by (uid=0)
Aug 16 09:41:27 ubuntu sshd[2457]: Accepted password for fstakem from 10.211.55.2 port 64110 ssh2
Aug 16 09:41:27 ubuntu sshd[2457]: pam_unix(sshd:session): session opened for user fstakem by (uid=0)
Aug 16 09:41:27 ubuntu sshd[2572]: Received disconnect from 10.211.55.2: 11: disconnected by user
Aug 16 09:41:27 ubuntu sshd[2457]: pam_unix(sshd:session): session closed for user fstakem
Aug 16 09:42:54 ubuntu sshd[2579]: Accepted password for fstakem from 10.211.55.2 port 64126 ssh2
Aug 16 09:42:54 ubuntu sshd[2579]: pam_unix(sshd:session): session opened for user fstakem by (uid=0)
